                      :-) GROMACS - gmx mdrun, 2021.6 (-:

                            GROMACS is written by:
     Andrey Alekseenko              Emile Apol              Rossen Apostolov     
         Paul Bauer           Herman J.C. Berendsen           Par Bjelkmar       
       Christian Blau           Viacheslav Bolnykh             Kevin Boyd        
     Aldert van Buuren           Rudi van Drunen             Anton Feenstra      
    Gilles Gouaillardet             Alan Gray               Gerrit Groenhof      
       Anca Hamuraru            Vincent Hindriksen          M. Eric Irrgang      
      Aleksei Iupinov           Christoph Junghans             Joe Jordan        
    Dimitrios Karkoulis            Peter Kasson                Jiri Kraus        
      Carsten Kutzner              Per Larsson              Justin A. Lemkul     
       Viveca Lindahl            Magnus Lundborg             Erik Marklund       
        Pascal Merz             Pieter Meulenhoff            Teemu Murtola       
        Szilard Pall               Sander Pronk              Roland Schulz       
       Michael Shirts            Alexey Shvetsov             Alfons Sijbers      
       Peter Tieleman              Jon Vincent              Teemu Virolainen     
     Christian Wennberg            Maarten Wolf              Artem Zhmurov       
                           and the project leaders:
        Mark Abraham, Berk Hess, Erik Lindahl, and David van der Spoel

Copyright (c) 1991-2000, University of Groningen, The Netherlands.
Copyright (c) 2001-2022, The GROMACS development team at
Uppsala University, Stockholm University and
the Royal Institute of Technology, Sweden.
check out http://www.gromacs.org for more information.

GROMACS is free software; you can redistribute it and/or modify it
under the terms of the GNU Lesser General Public License
as published by the Free Software Foundation; either version 2.1
of the License, or (at your option) any later version.

GROMACS:      gmx mdrun, version 2021.6
Executable:   /usr/local/gromacs/bin/gmx
Data prefix:  /usr/local/gromacs
Working dir:  /data0/home/wuhanyu/molecule_dynamics_simulation/zwitterion_PA/100_100_5000/TMAPS_PA
Process ID:   1652687
Command line:
  gmx mdrun -v -deffnm em -pin on -pinoffset 52 -nt 24 -gpu_id 0

GROMACS version:    2021.6
Precision:          mixed
Memory model:       64 bit
MPI library:        thread_mpi
OpenMP support:     enabled (GMX_OPENMP_MAX_THREADS = 64)
GPU support:        CUDA
SIMD instructions:  AVX_512
FFT library:        fftw-3.3.8-sse2-avx-avx2-avx2_128-avx512
RDTSCP usage:       enabled
TNG support:        enabled
Hwloc support:      disabled
Tracing support:    disabled
C compiler:         /usr/bin/cc GNU 8.5.0
C compiler flags:   -mavx512f -mfma -Wno-missing-field-initializers -fexcess-precision=fast -funroll-all-loops -pthread -O3 -DNDEBUG
C++ compiler:       /usr/bin/c++ GNU 8.5.0
C++ compiler flags: -mavx512f -mfma -Wno-missing-field-initializers -fexcess-precision=fast -funroll-all-loops -pthread -fopenmp -O3 -DNDEBUG
CUDA compiler:      /usr/local/cuda-11.4/bin/nvcc nvcc: NVIDIA (R) Cuda compiler driver;Copyright (c) 2005-2021 NVIDIA Corporation;Built on Wed_Jun__2_19:15:15_PDT_2021;Cuda compilation tools, release 11.4, V11.4.48;Build cuda_11.4.r11.4/compiler.30033411_0
CUDA compiler flags:-std=c++17;-gencode;arch=compute_35,code=sm_35;-gencode;arch=compute_37,code=sm_37;-gencode;arch=compute_50,code=sm_50;-gencode;arch=compute_52,code=sm_52;-gencode;arch=compute_60,code=sm_60;-gencode;arch=compute_61,code=sm_61;-gencode;arch=compute_70,code=sm_70;-gencode;arch=compute_75,code=sm_75;-gencode;arch=compute_80,code=sm_80;-Wno-deprecated-gpu-targets;-gencode;arch=compute_86,code=sm_86;-gencode;arch=compute_35,code=compute_35;-gencode;arch=compute_53,code=compute_53;-gencode;arch=compute_80,code=compute_80;-use_fast_math;-D_FORCE_INLINES;-mavx512f -mfma -Wno-missing-field-initializers -fexcess-precision=fast -funroll-all-loops -pthread -fopenmp -O3 -DNDEBUG
CUDA driver:        11.40
CUDA runtime:       11.40


Running on 1 node with total 52 cores, 104 logical cores, 1 compatible GPU
Hardware detected:
  CPU info:
    Vendor: Intel
    Brand:  Intel(R) Xeon(R) Platinum 8171M CPU @ 2.60GHz
    Family: 6   Model: 85   Stepping: 4
    Features: aes apic avx avx2 avx512f avx512cd avx512bw avx512vl avx512secondFMA clfsh cmov cx8 cx16 f16c fma hle htt intel lahf mmx msr nonstop_tsc pcid pclmuldq pdcm pdpe1gb popcnt pse rdrnd rdtscp rtm sse2 sse3 sse4.1 sse4.2 ssse3 tdt x2apic
    Number of AVX-512 FMA units: 2
  Hardware topology: Basic
    Sockets, cores, and logical processors:
      Socket  0: [   0  52] [   1  53] [   2  54] [   3  55] [   4  56] [   5  57] [   6  58] [   7  59] [   8  60] [   9  61] [  10  62] [  11  63] [  12  64] [  13  65] [  14  66] [  15  67] [  16  68] [  17  69] [  18  70] [  19  71] [  20  72] [  21  73] [  22  74] [  23  75] [  24  76] [  25  77]
      Socket  1: [  26  78] [  27  79] [  28  80] [  29  81] [  30  82] [  31  83] [  32  84] [  33  85] [  34  86] [  35  87] [  36  88] [  37  89] [  38  90] [  39  91] [  40  92] [  41  93] [  42  94] [  43  95] [  44  96] [  45  97] [  46  98] [  47  99] [  48 100] [  49 101] [  50 102] [  51 103]
  GPU info:
    Number of GPUs detected: 1
    #0: NVIDIA NVIDIA GeForce RTX 3080 Ti, compute cap.: 8.6, ECC:  no, stat: compatible


++++ PLEASE READ AND CITE THE FOLLOWING REFERENCE ++++
M. J. Abraham, T. Murtola, R. Schulz, S. Páll, J. C. Smith, B. Hess, E.
Lindahl
GROMACS: High performance molecular simulations through multi-level
parallelism from laptops to supercomputers
SoftwareX 1 (2015) pp. 19-25
-------- -------- --- Thank You --- -------- --------


++++ PLEASE READ AND CITE THE FOLLOWING REFERENCE ++++
S. Páll, M. J. Abraham, C. Kutzner, B. Hess, E. Lindahl
Tackling Exascale Software Challenges in Molecular Dynamics Simulations with
GROMACS
In S. Markidis & E. Laure (Eds.), Solving Software Challenges for Exascale 8759 (2015) pp. 3-27
-------- -------- --- Thank You --- -------- --------


++++ PLEASE READ AND CITE THE FOLLOWING REFERENCE ++++
S. Pronk, S. Páll, R. Schulz, P. Larsson, P. Bjelkmar, R. Apostolov, M. R.
Shirts, J. C. Smith, P. M. Kasson, D. van der Spoel, B. Hess, and E. Lindahl
GROMACS 4.5: a high-throughput and highly parallel open source molecular
simulation toolkit
Bioinformatics 29 (2013) pp. 845-54
-------- -------- --- Thank You --- -------- --------


++++ PLEASE READ AND CITE THE FOLLOWING REFERENCE ++++
B. Hess and C. Kutzner and D. van der Spoel and E. Lindahl
GROMACS 4: Algorithms for highly efficient, load-balanced, and scalable
molecular simulation
J. Chem. Theory Comput. 4 (2008) pp. 435-447
-------- -------- --- Thank You --- -------- --------


++++ PLEASE READ AND CITE THE FOLLOWING REFERENCE ++++
D. van der Spoel, E. Lindahl, B. Hess, G. Groenhof, A. E. Mark and H. J. C.
Berendsen
GROMACS: Fast, Flexible and Free
J. Comp. Chem. 26 (2005) pp. 1701-1719
-------- -------- --- Thank You --- -------- --------


++++ PLEASE READ AND CITE THE FOLLOWING REFERENCE ++++
E. Lindahl and B. Hess and D. van der Spoel
GROMACS 3.0: A package for molecular simulation and trajectory analysis
J. Mol. Mod. 7 (2001) pp. 306-317
-------- -------- --- Thank You --- -------- --------


++++ PLEASE READ AND CITE THE FOLLOWING REFERENCE ++++
H. J. C. Berendsen, D. van der Spoel and R. van Drunen
GROMACS: A message-passing parallel molecular dynamics implementation
Comp. Phys. Comm. 91 (1995) pp. 43-56
-------- -------- --- Thank You --- -------- --------


++++ PLEASE CITE THE DOI FOR THIS VERSION OF GROMACS ++++
https://doi.org/10.5281/zenodo.6801842
-------- -------- --- Thank You --- -------- --------

Input Parameters:
   integrator                     = cg
   tinit                          = 0
   dt                             = 0.001
   nsteps                         = 10000
   init-step                      = 0
   simulation-part                = 1
   mts                            = false
   comm-mode                      = Linear
   nstcomm                        = 100
   bd-fric                        = 0
   ld-seed                        = -8410125
   emtol                          = 100
   emstep                         = 0.01
   niter                          = 20
   fcstep                         = 0
   nstcgsteep                     = 1000
   nbfgscorr                      = 10
   rtpi                           = 0.05
   nstxout                        = 20
   nstvout                        = 0
   nstfout                        = 0
   nstlog                         = 50
   nstcalcenergy                  = 100
   nstenergy                      = 50
   nstxout-compressed             = 0
   compressed-x-precision         = 1000
   cutoff-scheme                  = Verlet
   nstlist                        = 10
   pbc                            = xyz
   periodic-molecules             = false
   verlet-buffer-tolerance        = 0.005
   rlist                          = 1.05
   coulombtype                    = PME
   coulomb-modifier               = Potential-shift
   rcoulomb-switch                = 0
   rcoulomb                       = 1
   epsilon-r                      = 1
   epsilon-rf                     = inf
   vdw-type                       = Cut-off
   vdw-modifier                   = Potential-shift
   rvdw-switch                    = 0
   rvdw                           = 1
   DispCorr                       = EnerPres
   table-extension                = 1
   fourierspacing                 = 0.12
   fourier-nx                     = 84
   fourier-ny                     = 84
   fourier-nz                     = 84
   pme-order                      = 4
   ewald-rtol                     = 1e-05
   ewald-rtol-lj                  = 0.001
   lj-pme-comb-rule               = Geometric
   ewald-geometry                 = 0
   epsilon-surface                = 0
   tcoupl                         = No
   nsttcouple                     = -1
   nh-chain-length                = 0
   print-nose-hoover-chain-variables = false
   pcoupl                         = No
   pcoupltype                     = Isotropic
   nstpcouple                     = -1
   tau-p                          = 1
   compressibility (3x3):
      compressibility[    0]={ 0.00000e+00,  0.00000e+00,  0.00000e+00}
      compressibility[    1]={ 0.00000e+00,  0.00000e+00,  0.00000e+00}
      compressibility[    2]={ 0.00000e+00,  0.00000e+00,  0.00000e+00}
   ref-p (3x3):
      ref-p[    0]={ 0.00000e+00,  0.00000e+00,  0.00000e+00}
      ref-p[    1]={ 0.00000e+00,  0.00000e+00,  0.00000e+00}
      ref-p[    2]={ 0.00000e+00,  0.00000e+00,  0.00000e+00}
   refcoord-scaling               = No
   posres-com (3):
      posres-com[0]= 0.00000e+00
      posres-com[1]= 0.00000e+00
      posres-com[2]= 0.00000e+00
   posres-comB (3):
      posres-comB[0]= 0.00000e+00
      posres-comB[1]= 0.00000e+00
      posres-comB[2]= 0.00000e+00
   QMMM                           = false
qm-opts:
   ngQM                           = 0
   constraint-algorithm           = Lincs
   continuation                   = false
   Shake-SOR                      = false
   shake-tol                      = 0.0001
   lincs-order                    = 4
   lincs-iter                     = 1
   lincs-warnangle                = 30
   nwall                          = 0
   wall-type                      = 9-3
   wall-r-linpot                  = -1
   wall-atomtype[0]               = -1
   wall-atomtype[1]               = -1
   wall-density[0]                = 0
   wall-density[1]                = 0
   wall-ewald-zfac                = 3
   pull                           = false
   awh                            = false
   rotation                       = false
   interactiveMD                  = false
   disre                          = No
   disre-weighting                = Conservative
   disre-mixed                    = false
   dr-fc                          = 1000
   dr-tau                         = 0
   nstdisreout                    = 100
   orire-fc                       = 0
   orire-tau                      = 0
   nstorireout                    = 100
   free-energy                    = no
   cos-acceleration               = 0
   deform (3x3):
      deform[    0]={ 0.00000e+00,  0.00000e+00,  0.00000e+00}
      deform[    1]={ 0.00000e+00,  0.00000e+00,  0.00000e+00}
      deform[    2]={ 0.00000e+00,  0.00000e+00,  0.00000e+00}
   simulated-tempering            = false
   swapcoords                     = no
   userint1                       = 0
   userint2                       = 0
   userint3                       = 0
   userint4                       = 0
   userreal1                      = 0
   userreal2                      = 0
   userreal3                      = 0
   userreal4                      = 0
   applied-forces:
     electric-field:
       x:
         E0                       = 0
         omega                    = 0
         t0                       = 0
         sigma                    = 0
       y:
         E0                       = 0
         omega                    = 0
         t0                       = 0
         sigma                    = 0
       z:
         E0                       = 0
         omega                    = 0
         t0                       = 0
         sigma                    = 0
     density-guided-simulation:
       active                     = false
       group                      = protein
       similarity-measure         = inner-product
       atom-spreading-weight      = unity
       force-constant             = 1e+09
       gaussian-transform-spreading-width = 0.2
       gaussian-transform-spreading-range-in-multiples-of-width = 4
       reference-density-filename = reference.mrc
       nst                        = 1
       normalize-densities        = true
       adaptive-force-scaling     = false
       adaptive-force-scaling-time-constant = 4
       shift-vector               = 
       transformation-matrix      = 
grpopts:
   nrdf:       55197
   ref-t:           0
   tau-t:           0
annealing:          No
annealing-npoints:           0
   acc:	           0           0           0
   nfreeze:           N           N           N
   energygrp-flags[  0]: 0

1 GPU selected for this run.
Mapping of GPU IDs to the 1 GPU task in the 1 rank on this node:
  PP:0
PP tasks will do (non-perturbed) short-ranged interactions on the GPU
PP task will update and constrain coordinates on the CPU
Using 1 MPI thread
Using 24 OpenMP threads 

Applying core pinning offset 52
Pinning threads with an auto-selected logical core stride of 2
System total charge: -0.000
Will do PME sum in reciprocal space for electrostatic interactions.

++++ PLEASE READ AND CITE THE FOLLOWING REFERENCE ++++
U. Essmann, L. Perera, M. L. Berkowitz, T. Darden, H. Lee and L. G. Pedersen 
A smooth particle mesh Ewald method
J. Chem. Phys. 103 (1995) pp. 8577-8592
-------- -------- --- Thank You --- -------- --------

Using a Gaussian width (1/beta) of 0.320163 nm for Ewald
Potential shift: LJ r^-12: -1.000e+00 r^-6: -1.000e+00, Ewald -1.000e-05
Initialized non-bonded Coulomb Ewald tables, spacing: 9.33e-04 size: 1073

Generated table with 1025 data points for 1-4 COUL.
Tabscale = 500 points/nm
Generated table with 1025 data points for 1-4 LJ6.
Tabscale = 500 points/nm
Generated table with 1025 data points for 1-4 LJ12.
Tabscale = 500 points/nm
Long Range LJ corr.: <C6> 3.7680e-04


Using GPU 8x8 nonbonded short-range kernels

Using a 8x8 pair-list setup:
  updated every 10 steps, buffer 0.050 nm, rlist 1.050 nm

Using Lorentz-Berthelot Lennard-Jones combination rule
Removing pbc first time

Note that activating conjugate gradient energy minimization via the integrator .mdp option and the command gmx mdrun may be available in a different form in a future version of GROMACS, e.g. gmx minimize and an .mdp option.
Initiating Polak-Ribiere Conjugate Gradients
Started Polak-Ribiere Conjugate Gradients on rank 0 Mon Dec 12 16:10:42 2022


Polak-Ribiere Conjugate Gradients:
   Tolerance (Fmax)   =  1.00000e+02
   Number of steps    =        10000
           Step           Time
              0        0.00000

   Energies (kJ/mol)
           Bond          Angle    Proper Dih.          LJ-14     Coulomb-14
    3.36473e+04    5.17903e+03    2.09081e+03    4.51392e+02   -2.09513e+05
        LJ (SR)  Disper. corr.   Coulomb (SR)   Coul. recip.      Potential
    1.75340e+05   -5.30895e+02    5.29909e+04    2.62458e+04    8.53710e+04
 Pres. DC (bar) Pressure (bar)
   -8.87328e+00    1.99123e+04

   F-max             =  2.96406e+05 on atom 8804
   F-Norm            =  1.11231e+04

           Step           Time
              0        0.00000

   Energies (kJ/mol)
           Bond          Angle    Proper Dih.          LJ-14     Coulomb-14
    3.35010e+04    5.17367e+03    2.09108e+03    4.51384e+02   -2.09520e+05
        LJ (SR)  Disper. corr.   Coulomb (SR)   Coul. recip.      Potential
    1.61581e+05   -5.30895e+02    5.28641e+04    2.62452e+04    7.13261e+04
 Pres. DC (bar) Pressure (bar)
   -8.87328e+00    1.89738e+04

           Step           Time
             50       50.00000

   Energies (kJ/mol)
           Bond          Angle    Proper Dih.          LJ-14     Coulomb-14
    2.67860e+03    4.05514e+03    1.80934e+03    2.43526e+02   -2.19907e+05
        LJ (SR)  Disper. corr.   Coulomb (SR)   Coul. recip.      Potential
    2.13313e+03   -5.30895e+02   -2.73014e+03    1.49784e+04   -1.97801e+05
 Pres. DC (bar) Pressure (bar)
   -8.87328e+00   -7.48735e+02

           Step           Time
            100      100.00000

   Energies (kJ/mol)
           Bond          Angle    Proper Dih.          LJ-14     Coulomb-14
    3.82863e+03    4.40420e+03    1.76728e+03    2.20832e+02   -2.19648e+05
        LJ (SR)  Disper. corr.   Coulomb (SR)   Coul. recip.      Potential
    9.69947e+03   -5.30895e+02   -3.77400e+04    1.28889e+04   -2.25641e+05
 Pres. DC (bar) Pressure (bar)
   -8.87328e+00   -8.10975e+02

           Step           Time
            150      150.00000

   Energies (kJ/mol)
           Bond          Angle    Proper Dih.          LJ-14     Coulomb-14
    4.84914e+03    4.71906e+03    1.72744e+03    2.13634e+02   -2.19486e+05
        LJ (SR)  Disper. corr.   Coulomb (SR)   Coul. recip.      Potential
    1.50332e+04   -5.30895e+02   -5.93540e+04    1.24189e+04   -2.40941e+05
 Pres. DC (bar) Pressure (bar)
   -8.87328e+00   -7.08346e+02

           Step           Time
            200      200.00000

   Energies (kJ/mol)
           Bond          Angle    Proper Dih.          LJ-14     Coulomb-14
    5.44449e+03    4.98238e+03    1.69231e+03    2.17364e+02   -2.19440e+05
        LJ (SR)  Disper. corr.   Coulomb (SR)   Coul. recip.      Potential
    1.92592e+04   -5.30895e+02   -7.53875e+04    1.23235e+04   -2.51970e+05
 Pres. DC (bar) Pressure (bar)
   -8.87328e+00   -7.76666e+02

           Step           Time
            250      250.00000

   Energies (kJ/mol)
           Bond          Angle    Proper Dih.          LJ-14     Coulomb-14
    6.24474e+03    5.27790e+03    1.67045e+03    2.16739e+02   -2.19396e+05
        LJ (SR)  Disper. corr.   Coulomb (SR)   Coul. recip.      Potential
    2.38225e+04   -5.30895e+02   -9.11551e+04    1.22375e+04   -2.62143e+05
 Pres. DC (bar) Pressure (bar)
   -8.87328e+00   -7.18620e+02

           Step           Time
            300      300.00000

   Energies (kJ/mol)
           Bond          Angle    Proper Dih.          LJ-14     Coulomb-14
    6.40921e+03    5.31927e+03    1.66453e+03    2.15974e+02   -2.19375e+05
        LJ (SR)  Disper. corr.   Coulomb (SR)   Coul. recip.      Potential
    2.46372e+04   -5.30895e+02   -9.43731e+04    1.22121e+04   -2.64351e+05
 Pres. DC (bar) Pressure (bar)
   -8.87328e+00   -7.20612e+02

           Step           Time
            350      350.00000

   Energies (kJ/mol)
           Bond          Angle    Proper Dih.          LJ-14     Coulomb-14
    6.55423e+03    5.39122e+03    1.66076e+03    2.15735e+02   -2.19374e+05
        LJ (SR)  Disper. corr.   Coulomb (SR)   Coul. recip.      Potential
    2.54610e+04   -5.30895e+02   -9.74254e+04    1.21920e+04   -2.66386e+05
 Pres. DC (bar) Pressure (bar)
   -8.87328e+00   -7.05608e+02

           Step           Time
            400      400.00000

   Energies (kJ/mol)
           Bond          Angle    Proper Dih.          LJ-14     Coulomb-14
    6.70531e+03    5.43355e+03    1.65387e+03    2.15611e+02   -2.19356e+05
        LJ (SR)  Disper. corr.   Coulomb (SR)   Coul. recip.      Potential
    2.62784e+04   -5.30895e+02   -1.00414e+05    1.21716e+04   -2.68373e+05
 Pres. DC (bar) Pressure (bar)
   -8.87328e+00   -7.03029e+02

           Step           Time
            450      450.00000

   Energies (kJ/mol)
           Bond          Angle    Proper Dih.          LJ-14     Coulomb-14
    6.84220e+03    5.50164e+03    1.65046e+03    2.15584e+02   -2.19355e+05
        LJ (SR)  Disper. corr.   Coulomb (SR)   Coul. recip.      Potential
    2.70530e+04   -5.30895e+02   -1.03234e+05    1.21558e+04   -2.70232e+05
 Pres. DC (bar) Pressure (bar)
   -8.87328e+00   -6.88174e+02

           Step           Time
            500      500.00000

   Energies (kJ/mol)
           Bond          Angle    Proper Dih.          LJ-14     Coulomb-14
    6.98485e+03    5.54243e+03    1.64492e+03    2.15595e+02   -2.19338e+05
        LJ (SR)  Disper. corr.   Coulomb (SR)   Coul. recip.      Potential
    2.78323e+04   -5.30895e+02   -1.06012e+05    1.21391e+04   -2.72052e+05
 Pres. DC (bar) Pressure (bar)
   -8.87328e+00   -6.83648e+02

           Step           Time
            550      550.00000

   Energies (kJ/mol)
           Bond          Angle    Proper Dih.          LJ-14     Coulomb-14
    7.11093e+03    5.60202e+03    1.64228e+03    2.15661e+02   -2.19338e+05
        LJ (SR)  Disper. corr.   Coulomb (SR)   Coul. recip.      Potential
    2.85643e+04   -5.30895e+02   -1.08562e+05    1.21220e+04   -2.73704e+05
 Pres. DC (bar) Pressure (bar)
   -8.87328e+00   -6.67939e+02

           Step           Time
            600      600.00000

   Energies (kJ/mol)
           Bond          Angle    Proper Dih.          LJ-14     Coulomb-14
    7.23763e+03    5.64072e+03    1.63766e+03    2.15783e+02   -2.19329e+05
        LJ (SR)  Disper. corr.   Coulomb (SR)   Coul. recip.      Potential
    2.92634e+04   -5.30895e+02   -1.11019e+05    1.21020e+04   -2.75313e+05
 Pres. DC (bar) Pressure (bar)
   -8.87328e+00   -6.62728e+02

           Step           Time
            650      650.00000

   Energies (kJ/mol)
           Bond          Angle    Proper Dih.          LJ-14     Coulomb-14
    7.35004e+03    5.69293e+03    1.63497e+03    2.15940e+02   -2.19336e+05
        LJ (SR)  Disper. corr.   Coulomb (SR)   Coul. recip.      Potential
    2.99166e+04   -5.30895e+02   -1.13278e+05    1.20817e+04   -2.76784e+05
 Pres. DC (bar) Pressure (bar)
   -8.87328e+00   -6.48479e+02

           Step           Time
            700      700.00000

   Energies (kJ/mol)
           Bond          Angle    Proper Dih.          LJ-14     Coulomb-14
    7.46259e+03    5.72738e+03    1.62969e+03    2.16131e+02   -2.19335e+05
        LJ (SR)  Disper. corr.   Coulomb (SR)   Coul. recip.      Potential
    3.05187e+04   -5.30895e+02   -1.15414e+05    1.20570e+04   -2.78200e+05
 Pres. DC (bar) Pressure (bar)
   -8.87328e+00   -6.44382e+02

           Step           Time
            750      750.00000

   Energies (kJ/mol)
           Bond          Angle    Proper Dih.          LJ-14     Coulomb-14
    7.55611e+03    5.77453e+03    1.62566e+03    2.16314e+02   -2.19345e+05
        LJ (SR)  Disper. corr.   Coulomb (SR)   Coul. recip.      Potential
    3.10271e+04   -5.30895e+02   -1.17332e+05    1.20325e+04   -2.79507e+05
 Pres. DC (bar) Pressure (bar)
   -8.87328e+00   -6.35258e+02

           Step           Time
            800      800.00000

   Energies (kJ/mol)
           Bond          Angle    Proper Dih.          LJ-14     Coulomb-14
    7.65214e+03    5.80505e+03    1.61905e+03    2.16437e+02   -2.19342e+05
        LJ (SR)  Disper. corr.   Coulomb (SR)   Coul. recip.      Potential
    3.14885e+04   -5.30895e+02   -1.19201e+05    1.20081e+04   -2.80816e+05
 Pres. DC (bar) Pressure (bar)
   -8.87328e+00   -6.36554e+02

           Step           Time
            850      850.00000

   Energies (kJ/mol)
           Bond          Angle    Proper Dih.          LJ-14     Coulomb-14
    7.73604e+03    5.84787e+03    1.61435e+03    2.16481e+02   -2.19346e+05
        LJ (SR)  Disper. corr.   Coulomb (SR)   Coul. recip.      Potential
    3.19058e+04   -5.30895e+02   -1.20972e+05    1.19868e+04   -2.82072e+05
 Pres. DC (bar) Pressure (bar)
   -8.87328e+00   -6.31806e+02

           Step           Time
            900      900.00000

   Energies (kJ/mol)
           Bond          Angle    Proper Dih.          LJ-14     Coulomb-14
    7.82804e+03    5.87721e+03    1.60804e+03    2.16512e+02   -2.19337e+05
        LJ (SR)  Disper. corr.   Coulomb (SR)   Coul. recip.      Potential
    3.23252e+04   -5.30895e+02   -1.22792e+05    1.19674e+04   -2.83368e+05
 Pres. DC (bar) Pressure (bar)
   -8.87328e+00   -6.35220e+02

           Step           Time
            950      950.00000

   Energies (kJ/mol)
           Bond          Angle    Proper Dih.          LJ-14     Coulomb-14
    7.91437e+03    5.92009e+03    1.60363e+03    2.16570e+02   -2.19336e+05
        LJ (SR)  Disper. corr.   Coulomb (SR)   Coul. recip.      Potential
    3.27574e+04   -5.30895e+02   -1.24591e+05    1.19513e+04   -2.84625e+05
 Pres. DC (bar) Pressure (bar)
   -8.87328e+00   -6.29882e+02

           Step           Time
           1000     1000.00000

   Energies (kJ/mol)
           Bond          Angle    Proper Dih.          LJ-14     Coulomb-14
    8.01191e+03    5.95028e+03    1.59696e+03    2.16653e+02   -2.19324e+05
        LJ (SR)  Disper. corr.   Coulomb (SR)   Coul. recip.      Potential
    3.32395e+04   -5.30895e+02   -1.26454e+05    1.19361e+04   -2.85888e+05
 Pres. DC (bar) Pressure (bar)
   -8.87328e+00   -6.29362e+02

           Step           Time
           1050     1050.00000

   Energies (kJ/mol)
           Bond          Angle    Proper Dih.          LJ-14     Coulomb-14
    8.39511e+03    6.10570e+03    1.57008e+03    2.17720e+02   -2.19296e+05
        LJ (SR)  Disper. corr.   Coulomb (SR)   Coul. recip.      Potential
    3.53503e+04   -5.30895e+02   -1.33634e+05    1.18604e+04   -2.90492e+05
 Pres. DC (bar) Pressure (bar)
   -8.87328e+00   -5.93564e+02

           Step           Time
           1100     1100.00000

   Energies (kJ/mol)
           Bond          Angle    Proper Dih.          LJ-14     Coulomb-14
    8.78602e+03    6.28895e+03    1.55642e+03    2.19703e+02   -2.19314e+05
        LJ (SR)  Disper. corr.   Coulomb (SR)   Coul. recip.      Potential
    3.73783e+04   -5.30895e+02   -1.41418e+05    1.17379e+04   -2.95826e+05
 Pres. DC (bar) Pressure (bar)
   -8.87328e+00   -5.70925e+02

           Step           Time
           1150     1150.00000

   Energies (kJ/mol)
           Bond          Angle    Proper Dih.          LJ-14     Coulomb-14
    9.09104e+03    6.44675e+03    1.54927e+03    2.19526e+02   -2.19310e+05
        LJ (SR)  Disper. corr.   Coulomb (SR)   Coul. recip.      Potential
    3.88005e+04   -5.30895e+02   -1.47547e+05    1.17166e+04   -3.00095e+05
 Pres. DC (bar) Pressure (bar)
   -8.87328e+00   -5.64731e+02

           Step           Time
           1200     1200.00000

   Energies (kJ/mol)
           Bond          Angle    Proper Dih.          LJ-14     Coulomb-14
    9.38207e+03    6.57591e+03    1.54636e+03    2.20090e+02   -2.19299e+05
        LJ (SR)  Disper. corr.   Coulomb (SR)   Coul. recip.      Potential
    4.02618e+04   -5.30895e+02   -1.52800e+05    1.16910e+04   -3.03484e+05
 Pres. DC (bar) Pressure (bar)
   -8.87328e+00   -5.44969e+02

           Step           Time
           1250     1250.00000

   Energies (kJ/mol)
           Bond          Angle    Proper Dih.          LJ-14     Coulomb-14
    9.71084e+03    6.69934e+03    1.54698e+03    2.20359e+02   -2.19304e+05
        LJ (SR)  Disper. corr.   Coulomb (SR)   Coul. recip.      Potential
    4.14788e+04   -5.30895e+02   -1.57201e+05    1.16639e+04   -3.06247e+05
 Pres. DC (bar) Pressure (bar)
   -8.87328e+00   -5.43398e+02

           Step           Time
           1300     1300.00000

   Energies (kJ/mol)
           Bond          Angle    Proper Dih.          LJ-14     Coulomb-14
    9.82731e+03    6.79025e+03    1.54816e+03    2.20183e+02   -2.19293e+05
        LJ (SR)  Disper. corr.   Coulomb (SR)   Coul. recip.      Potential
    4.23366e+04   -5.30895e+02   -1.60499e+05    1.16321e+04   -3.08499e+05
 Pres. DC (bar) Pressure (bar)
   -8.87328e+00   -5.28679e+02

           Step           Time
           1350     1350.00000

   Energies (kJ/mol)
           Bond          Angle    Proper Dih.          LJ-14     Coulomb-14
    1.01066e+04    6.88302e+03    1.55344e+03    2.21001e+02   -2.19262e+05
        LJ (SR)  Disper. corr.   Coulomb (SR)   Coul. recip.      Potential
    4.37396e+04   -5.30895e+02   -1.65876e+05    1.15646e+04   -3.12132e+05
 Pres. DC (bar) Pressure (bar)
   -8.87328e+00   -5.06523e+02

           Step           Time
           1400     1400.00000

   Energies (kJ/mol)
           Bond          Angle    Proper Dih.          LJ-14     Coulomb-14
    1.03286e+04    6.99424e+03    1.55166e+03    2.21925e+02   -2.19241e+05
        LJ (SR)  Disper. corr.   Coulomb (SR)   Coul. recip.      Potential
    4.47765e+04   -5.30895e+02   -1.69447e+05    1.15358e+04   -3.14341e+05
 Pres. DC (bar) Pressure (bar)
   -8.87328e+00   -4.88900e+02

           Step           Time
           1450     1450.00000

   Energies (kJ/mol)
           Bond          Angle    Proper Dih.          LJ-14     Coulomb-14
    1.05515e+04    7.11398e+03    1.54862e+03    2.23031e+02   -2.19238e+05
        LJ (SR)  Disper. corr.   Coulomb (SR)   Coul. recip.      Potential
    4.55248e+04   -5.30895e+02   -1.72727e+05    1.14831e+04   -3.16582e+05
 Pres. DC (bar) Pressure (bar)
   -8.87328e+00   -5.02435e+02

           Step           Time
           1500     1500.00000

   Energies (kJ/mol)
           Bond          Angle    Proper Dih.          LJ-14     Coulomb-14
    1.06328e+04    7.14392e+03    1.54710e+03    2.23366e+02   -2.19228e+05
        LJ (SR)  Disper. corr.   Coulomb (SR)   Coul. recip.      Potential
    4.63467e+04   -5.30895e+02   -1.75851e+05    1.14303e+04   -3.18816e+05
 Pres. DC (bar) Pressure (bar)
   -8.87328e+00   -4.67044e+02

           Step           Time
           1550     1550.00000

   Energies (kJ/mol)
           Bond          Angle    Proper Dih.          LJ-14     Coulomb-14
    1.07751e+04    7.20808e+03    1.54403e+03    2.24039e+02   -2.19207e+05
        LJ (SR)  Disper. corr.   Coulomb (SR)   Coul. recip.      Potential
    4.70495e+04   -5.30895e+02   -1.78654e+05    1.13806e+04   -3.20742e+05
 Pres. DC (bar) Pressure (bar)
   -8.87328e+00   -4.58741e+02

           Step           Time
           1600     1600.00000

   Energies (kJ/mol)
           Bond          Angle    Proper Dih.          LJ-14     Coulomb-14
    1.08611e+04    7.24009e+03    1.54196e+03    2.24579e+02   -2.19193e+05
        LJ (SR)  Disper. corr.   Coulomb (SR)   Coul. recip.      Potential
    4.74952e+04   -5.30895e+02   -1.80271e+05    1.13538e+04   -3.21809e+05
 Pres. DC (bar) Pressure (bar)
   -8.87328e+00   -4.52999e+02

           Step           Time
           1650     1650.00000

   Energies (kJ/mol)
           Bond          Angle    Proper Dih.          LJ-14     Coulomb-14
    1.09417e+04    7.27415e+03    1.53989e+03    2.24885e+02   -2.19183e+05
        LJ (SR)  Disper. corr.   Coulomb (SR)   Coul. recip.      Potential
    4.78961e+04   -5.30895e+02   -1.81729e+05    1.13264e+04   -3.22770e+05
 Pres. DC (bar) Pressure (bar)
   -8.87328e+00   -4.45904e+02

           Step           Time
           1700     1700.00000

   Energies (kJ/mol)
           Bond          Angle    Proper Dih.          LJ-14     Coulomb-14
    1.11147e+04    7.34991e+03    1.53966e+03    2.25515e+02   -2.19182e+05
        LJ (SR)  Disper. corr.   Coulomb (SR)   Coul. recip.      Potential
    4.88472e+04   -5.30895e+02   -1.84878e+05    1.12573e+04   -3.24787e+05
 Pres. DC (bar) Pressure (bar)
   -8.87328e+00   -4.26332e+02

           Step           Time
           1741     1741.00000

   Energies (kJ/mol)
           Bond          Angle    Proper Dih.          LJ-14     Coulomb-14
    1.12392e+04    7.40833e+03    1.53561e+03    2.25941e+02   -2.19188e+05
        LJ (SR)  Disper. corr.   Coulomb (SR)   Coul. recip.      Potential
    4.94624e+04   -5.30895e+02   -1.87099e+05    1.12034e+04   -3.26275e+05
 Pres. DC (bar) Pressure (bar)
   -8.87328e+00   -4.16240e+02


Polak-Ribiere Conjugate Gradients converged to Fmax < 100 in 1741 steps
Potential Energy  = -3.2627453e+05
Maximum force     =  9.2487877e+01 on atom 13731
Norm of force     =  1.1031802e+01

Performed 2005 energy evaluations in total.
Finished mdrun on rank 0 Mon Dec 12 16:10:51 2022

